{"/Users/maksim.chernik/WebstormProjects/uber/src/setup-app.ts": {"path":"/Users/maksim.chernik/WebstormProjects/uber/src/setup-app.ts","statementMap":{"0":{"start":{"line":1,"column":0},"end":{"line":1,"column":62}},"1":{"start":{"line":2,"column":0},"end":{"line":2,"column":65}},"2":{"start":{"line":3,"column":0},"end":{"line":3,"column":60}},"3":{"start":{"line":4,"column":0},"end":{"line":4,"column":62}},"4":{"start":{"line":6,"column":24},"end":{"line":18,"column":1}},"5":{"start":{"line":7,"column":2},"end":{"line":7,"column":26}},"6":{"start":{"line":13,"column":2},"end":{"line":13,"column":51}},"7":{"start":{"line":14,"column":2},"end":{"line":14,"column":53}},"8":{"start":{"line":16,"column":2},"end":{"line":16,"column":20}},"9":{"start":{"line":17,"column":2},"end":{"line":17,"column":13}},"10":{"start":{"line":6,"column":13},"end":{"line":6,"column":24}}},"fnMap":{"0":{"name":"(anonymous_1)","decl":{"start":{"line":6,"column":24},"end":{"line":6,"column":25}},"loc":{"start":{"line":6,"column":41},"end":{"line":18,"column":1}}}},"branchMap":{},"s":{"0":1,"1":1,"2":1,"3":1,"4":1,"5":1,"6":1,"7":1,"8":1,"9":1,"10":1},"f":{"0":1},"b":{}}
,"/Users/maksim.chernik/WebstormProjects/uber/src/core/swagger/setup-swagger.ts": {"path":"/Users/maksim.chernik/WebstormProjects/uber/src/core/swagger/setup-swagger.ts","statementMap":{"0":{"start":{"line":1,"column":0},"end":{"line":1,"column":41}},"1":{"start":{"line":2,"column":0},"end":{"line":2,"column":43}},"2":{"start":{"line":5,"column":23},"end":{"line":15,"column":2}},"3":{"start":{"line":17,"column":20},"end":{"line":17,"column":48}},"4":{"start":{"line":19,"column":28},"end":{"line":21,"column":1}},"5":{"start":{"line":20,"column":2},"end":{"line":20,"column":65}},"6":{"start":{"line":19,"column":13},"end":{"line":19,"column":28}}},"fnMap":{"0":{"name":"(anonymous_1)","decl":{"start":{"line":19,"column":28},"end":{"line":19,"column":29}},"loc":{"start":{"line":19,"column":45},"end":{"line":21,"column":1}}}},"branchMap":{},"s":{"0":1,"1":1,"2":1,"3":1,"4":1,"5":1,"6":1},"f":{"0":1},"b":{}}
,"/Users/maksim.chernik/WebstormProjects/uber/src/core/types/http-statuses.ts": {"path":"/Users/maksim.chernik/WebstormProjects/uber/src/core/types/http-statuses.ts","statementMap":{"0":{"start":{"line":1,"column":0},"end":{"line":1,"column":null}},"1":{"start":{"line":2,"column":2},"end":{"line":2,"column":null}},"2":{"start":{"line":3,"column":2},"end":{"line":3,"column":null}},"3":{"start":{"line":4,"column":2},"end":{"line":4,"column":null}},"4":{"start":{"line":6,"column":2},"end":{"line":6,"column":null}},"5":{"start":{"line":7,"column":2},"end":{"line":7,"column":null}},"6":{"start":{"line":8,"column":2},"end":{"line":8,"column":null}},"7":{"start":{"line":9,"column":2},"end":{"line":9,"column":null}},"8":{"start":{"line":11,"column":2},"end":{"line":11,"column":null}}},"fnMap":{"0":{"name":"(anonymous_0)","decl":{"start":{"line":1,"column":0},"end":{"line":1,"column":12}},"loc":{"start":{"line":1,"column":22},"end":{"line":12,"column":1}}}},"branchMap":{"0":{"loc":{"start":{"line":1,"column":12},"end":{"line":1,"column":null}},"type":"binary-expr","locations":[{"start":{"line":1,"column":12},"end":{"line":1,"column":22}},{"start":{"line":1,"column":22},"end":{"line":1,"column":null}}]}},"s":{"0":1,"1":1,"2":1,"3":1,"4":1,"5":1,"6":1,"7":1,"8":1},"f":{"0":1},"b":{"0":[1,1]}}
,"/Users/maksim.chernik/WebstormProjects/uber/src/core/utils/error.utils.ts": {"path":"/Users/maksim.chernik/WebstormProjects/uber/src/core/utils/error.utils.ts","statementMap":{"0":{"start":{"line":3,"column":35},"end":{"line":7,"column":1}},"1":{"start":{"line":6,"column":2},"end":{"line":6,"column":35}},"2":{"start":{"line":3,"column":13},"end":{"line":3,"column":35}}},"fnMap":{"0":{"name":"(anonymous_0)","decl":{"start":{"line":3,"column":35},"end":{"line":3,"column":null}},"loc":{"start":{"line":5,"column":42},"end":{"line":7,"column":1}}}},"branchMap":{},"s":{"0":1,"1":1,"2":1},"f":{"0":1},"b":{}}
,"/Users/maksim.chernik/WebstormProjects/uber/src/db/in-memory.db.ts": {"path":"/Users/maksim.chernik/WebstormProjects/uber/src/db/in-memory.db.ts","statementMap":{"0":{"start":{"line":1,"column":0},"end":{"line":1,"column":68}},"1":{"start":{"line":3,"column":13},"end":{"line":36,"column":2}}},"fnMap":{},"branchMap":{},"s":{"0":1,"1":1},"f":{},"b":{}}
,"/Users/maksim.chernik/WebstormProjects/uber/src/testing/routers/testing.router.ts": {"path":"/Users/maksim.chernik/WebstormProjects/uber/src/testing/routers/testing.router.ts","statementMap":{"0":{"start":{"line":1,"column":0},"end":{"line":1,"column":52}},"1":{"start":{"line":2,"column":0},"end":{"line":2,"column":43}},"2":{"start":{"line":3,"column":0},"end":{"line":3,"column":60}},"3":{"start":{"line":5,"column":13},"end":{"line":5,"column":40}},"4":{"start":{"line":7,"column":0},"end":{"line":10,"column":3}},"5":{"start":{"line":8,"column":2},"end":{"line":8,"column":17}},"6":{"start":{"line":9,"column":2},"end":{"line":9,"column":39}}},"fnMap":{"0":{"name":"(anonymous_0)","decl":{"start":{"line":7,"column":34},"end":{"line":7,"column":35}},"loc":{"start":{"line":7,"column":66},"end":{"line":10,"column":1}}}},"branchMap":{},"s":{"0":1,"1":1,"2":1,"3":1,"4":1,"5":1,"6":1},"f":{"0":1},"b":{}}
,"/Users/maksim.chernik/WebstormProjects/uber/src/videos/routers/videos.router.ts": {"path":"/Users/maksim.chernik/WebstormProjects/uber/src/videos/routers/videos.router.ts","statementMap":{"0":{"start":{"line":1,"column":0},"end":{"line":1,"column":52}},"1":{"start":{"line":3,"column":0},"end":{"line":3,"column":84}},"2":{"start":{"line":4,"column":0},"end":{"line":4,"column":60}},"3":{"start":{"line":5,"column":0},"end":{"line":5,"column":67}},"4":{"start":{"line":7,"column":0},"end":{"line":7,"column":43}},"5":{"start":{"line":9,"column":13},"end":{"line":9,"column":39}},"6":{"start":{"line":11,"column":0},"end":{"line":102,"column":5}},"7":{"start":{"line":13,"column":4},"end":{"line":13,"column":36}},"8":{"start":{"line":17,"column":15},"end":{"line":17,"column":38}},"9":{"start":{"line":18,"column":18},"end":{"line":18,"column":52}},"10":{"start":{"line":18,"column":40},"end":{"line":18,"column":51}},"11":{"start":{"line":20,"column":4},"end":{"line":27,"column":5}},"12":{"start":{"line":21,"column":6},"end":{"line":25,"column":10}},"13":{"start":{"line":26,"column":6},"end":{"line":26,"column":13}},"14":{"start":{"line":28,"column":4},"end":{"line":28,"column":32}},"15":{"start":{"line":32,"column":19},"end":{"line":32,"column":54}},"16":{"start":{"line":34,"column":4},"end":{"line":37,"column":5}},"17":{"start":{"line":35,"column":6},"end":{"line":35,"column":74}},"18":{"start":{"line":36,"column":6},"end":{"line":36,"column":13}},"19":{"start":{"line":38,"column":28},"end":{"line":47,"column":6}},"20":{"start":{"line":48,"column":4},"end":{"line":48,"column":29}},"21":{"start":{"line":49,"column":4},"end":{"line":49,"column":50}},"22":{"start":{"line":53,"column":15},"end":{"line":53,"column":38}},"23":{"start":{"line":54,"column":18},"end":{"line":54,"column":57}},"24":{"start":{"line":54,"column":45},"end":{"line":54,"column":56}},"25":{"start":{"line":56,"column":4},"end":{"line":63,"column":5}},"26":{"start":{"line":57,"column":6},"end":{"line":61,"column":10}},"27":{"start":{"line":62,"column":6},"end":{"line":62,"column":13}},"28":{"start":{"line":65,"column":19},"end":{"line":65,"column":54}},"29":{"start":{"line":67,"column":4},"end":{"line":70,"column":5}},"30":{"start":{"line":68,"column":6},"end":{"line":68,"column":74}},"31":{"start":{"line":69,"column":6},"end":{"line":69,"column":13}},"32":{"start":{"line":72,"column":18},"end":{"line":72,"column":34}},"33":{"start":{"line":74,"column":4},"end":{"line":74,"column":33}},"34":{"start":{"line":75,"column":4},"end":{"line":75,"column":35}},"35":{"start":{"line":76,"column":4},"end":{"line":76,"column":53}},"36":{"start":{"line":77,"column":4},"end":{"line":77,"column":57}},"37":{"start":{"line":78,"column":4},"end":{"line":78,"column":41}},"38":{"start":{"line":79,"column":4},"end":{"line":79,"column":53}},"39":{"start":{"line":80,"column":4},"end":{"line":80,"column":63}},"40":{"start":{"line":82,"column":4},"end":{"line":82,"column":41}},"41":{"start":{"line":86,"column":15},"end":{"line":86,"column":38}},"42":{"start":{"line":89,"column":18},"end":{"line":89,"column":57}},"43":{"start":{"line":89,"column":45},"end":{"line":89,"column":56}},"44":{"start":{"line":91,"column":4},"end":{"line":98,"column":5}},"45":{"start":{"line":92,"column":6},"end":{"line":96,"column":10}},"46":{"start":{"line":97,"column":6},"end":{"line":97,"column":13}},"47":{"start":{"line":100,"column":4},"end":{"line":100,"column":31}},"48":{"start":{"line":101,"column":4},"end":{"line":101,"column":41}}},"fnMap":{"0":{"name":"(anonymous_0)","decl":{"start":{"line":12,"column":11},"end":{"line":12,"column":12}},"loc":{"start":{"line":12,"column":43},"end":{"line":14,"column":3}}},"1":{"name":"(anonymous_1)","decl":{"start":{"line":16,"column":15},"end":{"line":16,"column":16}},"loc":{"start":{"line":16,"column":47},"end":{"line":29,"column":3}}},"2":{"name":"(anonymous_2)","decl":{"start":{"line":18,"column":33},"end":{"line":18,"column":34}},"loc":{"start":{"line":18,"column":40},"end":{"line":18,"column":51}}},"3":{"name":"(anonymous_3)","decl":{"start":{"line":31,"column":12},"end":{"line":31,"column":13}},"loc":{"start":{"line":31,"column":67},"end":{"line":50,"column":3}}},"4":{"name":"(anonymous_4)","decl":{"start":{"line":52,"column":15},"end":{"line":52,"column":16}},"loc":{"start":{"line":52,"column":47},"end":{"line":83,"column":3}}},"5":{"name":"(anonymous_5)","decl":{"start":{"line":54,"column":38},"end":{"line":54,"column":39}},"loc":{"start":{"line":54,"column":45},"end":{"line":54,"column":56}}},"6":{"name":"(anonymous_6)","decl":{"start":{"line":85,"column":18},"end":{"line":85,"column":19}},"loc":{"start":{"line":85,"column":50},"end":{"line":102,"column":3}}},"7":{"name":"(anonymous_7)","decl":{"start":{"line":89,"column":38},"end":{"line":89,"column":39}},"loc":{"start":{"line":89,"column":45},"end":{"line":89,"column":56}}}},"branchMap":{"0":{"loc":{"start":{"line":20,"column":4},"end":{"line":27,"column":5}},"type":"if","locations":[{"start":{"line":20,"column":4},"end":{"line":27,"column":5}}]},"1":{"loc":{"start":{"line":34,"column":4},"end":{"line":37,"column":5}},"type":"if","locations":[{"start":{"line":34,"column":4},"end":{"line":37,"column":5}}]},"2":{"loc":{"start":{"line":39,"column":10},"end":{"line":39,"column":71}},"type":"cond-expr","locations":[{"start":{"line":39,"column":29},"end":{"line":39,"column":67}},{"start":{"line":39,"column":70},"end":{"line":39,"column":71}}]},"3":{"loc":{"start":{"line":56,"column":4},"end":{"line":63,"column":5}},"type":"if","locations":[{"start":{"line":56,"column":4},"end":{"line":63,"column":5}}]},"4":{"loc":{"start":{"line":67,"column":4},"end":{"line":70,"column":5}},"type":"if","locations":[{"start":{"line":67,"column":4},"end":{"line":70,"column":5}}]},"5":{"loc":{"start":{"line":91,"column":4},"end":{"line":98,"column":5}},"type":"if","locations":[{"start":{"line":91,"column":4},"end":{"line":98,"column":5}}]}},"s":{"0":1,"1":1,"2":1,"3":1,"4":1,"5":1,"6":1,"7":0,"8":0,"9":0,"10":0,"11":0,"12":0,"13":0,"14":0,"15":1,"16":1,"17":1,"18":1,"19":0,"20":0,"21":0,"22":0,"23":0,"24":0,"25":0,"26":0,"27":0,"28":0,"29":0,"30":0,"31":0,"32":0,"33":0,"34":0,"35":0,"36":0,"37":0,"38":0,"39":0,"40":0,"41":0,"42":0,"43":0,"44":0,"45":0,"46":0,"47":0,"48":0},"f":{"0":0,"1":0,"2":0,"3":1,"4":0,"5":0,"6":0,"7":0},"b":{"0":[0],"1":[1],"2":[0,0],"3":[0],"4":[0],"5":[0]}}
,"/Users/maksim.chernik/WebstormProjects/uber/src/videos/types/video.ts": {"path":"/Users/maksim.chernik/WebstormProjects/uber/src/videos/types/video.ts","statementMap":{"0":{"start":{"line":1,"column":0},"end":{"line":1,"column":null}},"1":{"start":{"line":2,"column":2},"end":{"line":2,"column":null}},"2":{"start":{"line":3,"column":2},"end":{"line":3,"column":null}},"3":{"start":{"line":4,"column":2},"end":{"line":4,"column":null}},"4":{"start":{"line":5,"column":2},"end":{"line":5,"column":null}},"5":{"start":{"line":6,"column":2},"end":{"line":6,"column":null}},"6":{"start":{"line":7,"column":2},"end":{"line":7,"column":null}},"7":{"start":{"line":8,"column":2},"end":{"line":8,"column":null}},"8":{"start":{"line":9,"column":2},"end":{"line":9,"column":null}}},"fnMap":{"0":{"name":"(anonymous_0)","decl":{"start":{"line":1,"column":0},"end":{"line":1,"column":12}},"loc":{"start":{"line":1,"column":32},"end":{"line":10,"column":1}}}},"branchMap":{"0":{"loc":{"start":{"line":1,"column":12},"end":{"line":1,"column":null}},"type":"binary-expr","locations":[{"start":{"line":1,"column":12},"end":{"line":1,"column":32}},{"start":{"line":1,"column":32},"end":{"line":1,"column":null}}]}},"s":{"0":1,"1":1,"2":1,"3":1,"4":1,"5":1,"6":1,"7":1,"8":1},"f":{"0":1},"b":{"0":[1,1]}}
,"/Users/maksim.chernik/WebstormProjects/uber/src/videos/validation/vehicleInputDtoValidation.ts": {"path":"/Users/maksim.chernik/WebstormProjects/uber/src/videos/validation/vehicleInputDtoValidation.ts","statementMap":{"0":{"start":{"line":3,"column":0},"end":{"line":3,"column":54}},"1":{"start":{"line":5,"column":20},"end":{"line":5,"column":48}},"2":{"start":{"line":7,"column":41},"end":{"line":136,"column":1}},"3":{"start":{"line":10,"column":36},"end":{"line":10,"column":38}},"4":{"start":{"line":12,"column":2},"end":{"line":19,"column":3}},"5":{"start":{"line":18,"column":4},"end":{"line":18,"column":62}},"6":{"start":{"line":20,"column":2},"end":{"line":27,"column":3}},"7":{"start":{"line":26,"column":4},"end":{"line":26,"column":64}},"8":{"start":{"line":41,"column":2},"end":{"line":50,"column":3}},"9":{"start":{"line":46,"column":4},"end":{"line":49,"column":7}},"10":{"start":{"line":108,"column":2},"end":{"line":133,"column":3}},"11":{"start":{"line":109,"column":4},"end":{"line":112,"column":7}},"12":{"start":{"line":113,"column":9},"end":{"line":133,"column":3}},"13":{"start":{"line":114,"column":32},"end":{"line":114,"column":67}},"14":{"start":{"line":115,"column":4},"end":{"line":123,"column":5}},"15":{"start":{"line":119,"column":6},"end":{"line":122,"column":9}},"16":{"start":{"line":124,"column":4},"end":{"line":132,"column":5}},"17":{"start":{"line":125,"column":6},"end":{"line":131,"column":7}},"18":{"start":{"line":126,"column":8},"end":{"line":129,"column":11}},"19":{"start":{"line":130,"column":8},"end":{"line":130,"column":14}},"20":{"start":{"line":135,"column":2},"end":{"line":135,"column":16}},"21":{"start":{"line":7,"column":13},"end":{"line":7,"column":41}}},"fnMap":{"0":{"name":"(anonymous_0)","decl":{"start":{"line":7,"column":41},"end":{"line":7,"column":null}},"loc":{"start":{"line":9,"column":23},"end":{"line":136,"column":1}}}},"branchMap":{"0":{"loc":{"start":{"line":12,"column":2},"end":{"line":19,"column":3}},"type":"if","locations":[{"start":{"line":12,"column":2},"end":{"line":19,"column":3}}]},"1":{"loc":{"start":{"line":13,"column":4},"end":{"line":16,"column":33}},"type":"binary-expr","locations":[{"start":{"line":13,"column":4},"end":{"line":13,"column":15}},{"start":{"line":14,"column":4},"end":{"line":14,"column":34}},{"start":{"line":15,"column":4},"end":{"line":15,"column":32}},{"start":{"line":16,"column":4},"end":{"line":16,"column":33}}]},"2":{"loc":{"start":{"line":20,"column":2},"end":{"line":27,"column":3}},"type":"if","locations":[{"start":{"line":20,"column":2},"end":{"line":27,"column":3}}]},"3":{"loc":{"start":{"line":21,"column":4},"end":{"line":24,"column":34}},"type":"binary-expr","locations":[{"start":{"line":21,"column":4},"end":{"line":21,"column":16}},{"start":{"line":22,"column":4},"end":{"line":22,"column":35}},{"start":{"line":23,"column":4},"end":{"line":23,"column":32}},{"start":{"line":24,"column":4},"end":{"line":24,"column":34}}]},"4":{"loc":{"start":{"line":41,"column":2},"end":{"line":50,"column":3}},"type":"if","locations":[{"start":{"line":41,"column":2},"end":{"line":50,"column":3}}]},"5":{"loc":{"start":{"line":42,"column":4},"end":{"line":44,"column":33}},"type":"binary-expr","locations":[{"start":{"line":42,"column":4},"end":{"line":42,"column":25}},{"start":{"line":43,"column":4},"end":{"line":43,"column":45}},{"start":{"line":44,"column":4},"end":{"line":44,"column":33}}]},"6":{"loc":{"start":{"line":108,"column":2},"end":{"line":133,"column":3}},"type":"if","locations":[{"start":{"line":108,"column":2},"end":{"line":133,"column":3}},{"start":{"line":113,"column":9},"end":{"line":133,"column":3}}]},"7":{"loc":{"start":{"line":113,"column":9},"end":{"line":133,"column":3}},"type":"if","locations":[{"start":{"line":113,"column":9},"end":{"line":133,"column":3}}]},"8":{"loc":{"start":{"line":115,"column":4},"end":{"line":123,"column":5}},"type":"if","locations":[{"start":{"line":115,"column":4},"end":{"line":123,"column":5}}]},"9":{"loc":{"start":{"line":116,"column":6},"end":{"line":117,"column":42}},"type":"binary-expr","locations":[{"start":{"line":116,"column":6},"end":{"line":116,"column":67}},{"start":{"line":117,"column":6},"end":{"line":117,"column":42}}]},"10":{"loc":{"start":{"line":125,"column":6},"end":{"line":131,"column":7}},"type":"if","locations":[{"start":{"line":125,"column":6},"end":{"line":131,"column":7}}]}},"s":{"0":1,"1":1,"2":1,"3":1,"4":1,"5":0,"6":1,"7":0,"8":1,"9":1,"10":1,"11":0,"12":1,"13":1,"14":1,"15":0,"16":1,"17":1,"18":0,"19":0,"20":1,"21":1},"f":{"0":1},"b":{"0":[0],"1":[1,1,1,1],"2":[0],"3":[1,1,1,1],"4":[1],"5":[1,0,0],"6":[0,1],"7":[1],"8":[0],"9":[1,1],"10":[0]}}
}
