TN:
SF:src/setup-app.ts
FN:6,(anonymous_1)
FNF:1
FNH:1
FNDA:1,(anonymous_1)
DA:1,1
DA:2,1
DA:3,1
DA:4,1
DA:6,1
DA:7,1
DA:13,1
DA:14,1
DA:16,1
DA:17,1
LF:10
LH:10
BRF:0
BRH:0
end_of_record
TN:
SF:src/core/swagger/setup-swagger.ts
FN:19,(anonymous_1)
FNF:1
FNH:1
FNDA:1,(anonymous_1)
DA:1,1
DA:2,1
DA:5,1
DA:17,1
DA:19,1
DA:20,1
LF:6
LH:6
BRF:0
BRH:0
end_of_record
TN:
SF:src/core/types/http-statuses.ts
FN:1,(anonymous_0)
FNF:1
FNH:1
FNDA:1,(anonymous_0)
DA:1,1
DA:2,1
DA:3,1
DA:4,1
DA:6,1
DA:7,1
DA:8,1
DA:9,1
DA:11,1
LF:9
LH:9
BRDA:1,0,0,1
BRDA:1,0,1,1
BRF:2
BRH:2
end_of_record
TN:
SF:src/core/utils/error.utils.ts
FN:3,(anonymous_0)
FNF:1
FNH:1
FNDA:1,(anonymous_0)
DA:3,1
DA:6,1
LF:2
LH:2
BRF:0
BRH:0
end_of_record
TN:
SF:src/db/in-memory.db.ts
FNF:0
FNH:0
DA:1,1
DA:3,1
LF:2
LH:2
BRF:0
BRH:0
end_of_record
TN:
SF:src/testing/routers/testing.router.ts
FN:7,(anonymous_0)
FNF:1
FNH:1
FNDA:1,(anonymous_0)
DA:1,1
DA:2,1
DA:3,1
DA:5,1
DA:7,1
DA:8,1
DA:9,1
LF:7
LH:7
BRF:0
BRH:0
end_of_record
TN:
SF:src/videos/routers/videos.router.ts
FN:12,(anonymous_0)
FN:16,(anonymous_1)
FN:18,(anonymous_2)
FN:31,(anonymous_3)
FN:52,(anonymous_4)
FN:54,(anonymous_5)
FN:85,(anonymous_6)
FN:89,(anonymous_7)
FNF:8
FNH:1
FNDA:0,(anonymous_0)
FNDA:0,(anonymous_1)
FNDA:0,(anonymous_2)
FNDA:1,(anonymous_3)
FNDA:0,(anonymous_4)
FNDA:0,(anonymous_5)
FNDA:0,(anonymous_6)
FNDA:0,(anonymous_7)
DA:1,1
DA:3,1
DA:4,1
DA:5,1
DA:7,1
DA:9,1
DA:11,1
DA:13,0
DA:17,0
DA:18,0
DA:20,0
DA:21,0
DA:26,0
DA:28,0
DA:32,1
DA:34,1
DA:35,1
DA:36,1
DA:38,0
DA:48,0
DA:49,0
DA:53,0
DA:54,0
DA:56,0
DA:57,0
DA:62,0
DA:65,0
DA:67,0
DA:68,0
DA:69,0
DA:72,0
DA:74,0
DA:75,0
DA:76,0
DA:77,0
DA:78,0
DA:79,0
DA:80,0
DA:82,0
DA:86,0
DA:89,0
DA:91,0
DA:92,0
DA:97,0
DA:100,0
DA:101,0
LF:46
LH:11
BRDA:20,0,0,0
BRDA:34,1,0,1
BRDA:39,2,0,0
BRDA:39,2,1,0
BRDA:56,3,0,0
BRDA:67,4,0,0
BRDA:91,5,0,0
BRF:7
BRH:1
end_of_record
TN:
SF:src/videos/types/video.ts
FN:1,(anonymous_0)
FNF:1
FNH:1
FNDA:1,(anonymous_0)
DA:1,1
DA:2,1
DA:3,1
DA:4,1
DA:5,1
DA:6,1
DA:7,1
DA:8,1
DA:9,1
LF:9
LH:9
BRDA:1,0,0,1
BRDA:1,0,1,1
BRF:2
BRH:2
end_of_record
TN:
SF:src/videos/validation/vehicleInputDtoValidation.ts
FN:7,(anonymous_0)
FNF:1
FNH:1
FNDA:1,(anonymous_0)
DA:3,1
DA:5,1
DA:7,1
DA:10,1
DA:12,1
DA:18,0
DA:20,1
DA:26,0
DA:41,1
DA:46,1
DA:108,1
DA:109,0
DA:113,1
DA:114,1
DA:115,1
DA:119,0
DA:124,1
DA:125,1
DA:126,0
DA:130,0
DA:135,1
LF:21
LH:15
BRDA:12,0,0,0
BRDA:13,1,0,1
BRDA:13,1,1,1
BRDA:13,1,2,1
BRDA:13,1,3,1
BRDA:20,2,0,0
BRDA:21,3,0,1
BRDA:21,3,1,1
BRDA:21,3,2,1
BRDA:21,3,3,1
BRDA:41,4,0,1
BRDA:42,5,0,1
BRDA:42,5,1,0
BRDA:42,5,2,0
BRDA:108,6,0,0
BRDA:108,6,1,1
BRDA:113,7,0,1
BRDA:115,8,0,0
BRDA:116,9,0,1
BRDA:116,9,1,1
BRDA:125,10,0,0
BRF:21
BRH:14
end_of_record
